2017/09/09 12:39:03 INFO  - jmeter.util.JMeterUtils: Setting Locale to en_US 
2017/09/09 12:39:03 INFO  - jmeter.JMeter: Loading user properties from: /Users/karenjnson/Downloads/apache-jmeter-2.13/bin/user.properties 
2017/09/09 12:39:03 INFO  - jmeter.JMeter: Loading system properties from: /Users/karenjnson/Downloads/apache-jmeter-2.13/bin/system.properties 
2017/09/09 12:39:03 INFO  - jmeter.JMeter: Copyright (c) 1998-2015 The Apache Software Foundation 
2017/09/09 12:39:03 INFO  - jmeter.JMeter: Version 2.13 r1665067 
2017/09/09 12:39:03 INFO  - jmeter.JMeter: java.version=1.8.0_131 
2017/09/09 12:39:03 INFO  - jmeter.JMeter: java.vm.name=Java HotSpot(TM) 64-Bit Server VM 
2017/09/09 12:39:03 INFO  - jmeter.JMeter: os.name=Mac OS X 
2017/09/09 12:39:03 INFO  - jmeter.JMeter: os.arch=x86_64 
2017/09/09 12:39:03 INFO  - jmeter.JMeter: os.version=10.12.6 
2017/09/09 12:39:03 INFO  - jmeter.JMeter: file.encoding=UTF-8 
2017/09/09 12:39:03 INFO  - jmeter.JMeter: Default Locale=English (United States) 
2017/09/09 12:39:03 INFO  - jmeter.JMeter: JMeter  Locale=English (United States) 
2017/09/09 12:39:03 INFO  - jmeter.JMeter: JMeterHome=/Users/karenjnson/Downloads/apache-jmeter-2.13 
2017/09/09 12:39:03 INFO  - jmeter.JMeter: user.dir  =/Users/karenjnson/GIT_karenjnson/mvp/jmeter_scripts 
2017/09/09 12:39:03 INFO  - jmeter.JMeter: PWD       =/Users/karenjnson/GIT_karenjnson/mvp/jmeter_scripts 
2017/09/09 12:39:03 INFO  - jmeter.JMeter: IP: 192.168.1.9 Name: us166339 FullName: us166339.home 
2017/09/09 12:39:03 INFO  - jmeter.services.FileServer: Default base='/Users/karenjnson/GIT_karenjnson/mvp/jmeter_scripts' 
2017/09/09 12:39:03 INFO  - jmeter.services.FileServer: Set new base='/Users/karenjnson/GIT_karenjnson/mvp/jmeter_scripts' 
2017/09/09 12:39:03 INFO  - jmeter.save.SaveService: Testplan (JMX) version: 2.2. Testlog (JTL) version: 2.2 
2017/09/09 12:39:03 INFO  - jmeter.save.SaveService: Using SaveService properties file encoding UTF-8 
2017/09/09 12:39:03 INFO  - jmeter.save.SaveService: Using SaveService properties file version 1656252 
2017/09/09 12:39:03 INFO  - jmeter.save.SaveService: Using SaveService properties version 2.8 
2017/09/09 12:39:03 INFO  - jmeter.save.SaveService: All converter versions present and correct 
2017/09/09 12:39:03 INFO  - jmeter.save.SaveService: Loading file: snsBasedTESTAREA.jmx 
2017/09/09 12:39:03 INFO  - jmeter.protocol.http.control.CookieManager: Settings: Delete null: true Check: true Allow variable: true Save: false Prefix: COOKIE_ 
2017/09/09 12:39:03 INFO  - jmeter.protocol.http.sampler.HTTPSamplerBase: Cannot find .className property for htmlParser, using default 
2017/09/09 12:39:03 INFO  - jmeter.protocol.http.sampler.HTTPSamplerBase: Parser for text/html is  
2017/09/09 12:39:03 INFO  - jmeter.protocol.http.sampler.HTTPSamplerBase: Parser for application/xhtml+xml is  
2017/09/09 12:39:03 INFO  - jmeter.protocol.http.sampler.HTTPSamplerBase: Parser for application/xml is  
2017/09/09 12:39:03 INFO  - jmeter.protocol.http.sampler.HTTPSamplerBase: Parser for text/xml is  
2017/09/09 12:39:03 INFO  - jmeter.protocol.http.sampler.HTTPSamplerBase: Parser for text/vnd.wap.wml is org.apache.jmeter.protocol.http.parser.RegexpHTMLParser 
2017/09/09 12:39:03 INFO  - jmeter.JMeter: Creating summariser <summary> 
2017/09/09 12:39:03 INFO  - jmeter.engine.StandardJMeterEngine: Listeners will be started after enabling running version 
2017/09/09 12:39:03 INFO  - jmeter.engine.StandardJMeterEngine: To revert to the earlier behaviour, define jmeterengine.startlistenerslater=false 
2017/09/09 12:39:03 INFO  - jmeter.engine.StandardJMeterEngine: Running the test! 
2017/09/09 12:39:03 INFO  - jmeter.samplers.SampleEvent: List of sample_variables: [] 
2017/09/09 12:39:03 INFO  - jmeter.samplers.SampleEvent: List of sample_variables: [] 
2017/09/09 12:39:03 INFO  - jmeter.engine.util.CompoundVariable: Note: Function class names must contain the string: '.functions.' 
2017/09/09 12:39:03 INFO  - jmeter.engine.util.CompoundVariable: Note: Function class names must not contain the string: '.gui.' 
2017/09/09 12:39:03 INFO  - jmeter.JMeter: Running test (1504975143720) 
2017/09/09 12:39:03 INFO  - jmeter.engine.StandardJMeterEngine: Starting ThreadGroup: 1 : Notification Dispatcher Testing via SNS 
2017/09/09 12:39:03 INFO  - jmeter.engine.StandardJMeterEngine: Starting 6 threads for group Notification Dispatcher Testing via SNS. 
2017/09/09 12:39:03 INFO  - jmeter.engine.StandardJMeterEngine: Thread will continue on error 
2017/09/09 12:39:03 INFO  - jmeter.threads.ThreadGroup: Starting thread group number 1 threads 6 ramp-up 1 perThread 166.66667 delayedStart=false 
2017/09/09 12:39:03 INFO  - jmeter.threads.JMeterThread: jmeterthread.startearlier=true (see jmeter.properties) 
2017/09/09 12:39:03 INFO  - jmeter.threads.JMeterThread: Running PostProcessors in forward order 
2017/09/09 12:39:03 INFO  - jmeter.threads.ThreadGroup: Started thread group number 1 
2017/09/09 12:39:03 INFO  - jmeter.engine.StandardJMeterEngine: All thread groups have been started 
2017/09/09 12:39:04 INFO  - jmeter.threads.JMeterThread: Thread started: Notification Dispatcher Testing via SNS 1-1 
2017/09/09 12:39:04 INFO  - jmeter.services.FileServer: Stored: userAgentStringsMac.txt 
2017/09/09 12:39:04 INFO  - jmeter.threads.JMeterThread: Thread started: Notification Dispatcher Testing via SNS 1-2 
2017/09/09 12:39:04 INFO  - jmeter.threads.JMeterThread: Thread started: Notification Dispatcher Testing via SNS 1-3 
2017/09/09 12:39:04 INFO  - jmeter.threads.JMeterThread: Thread started: Notification Dispatcher Testing via SNS 1-4 
2017/09/09 12:39:04 INFO  - jmeter.threads.JMeterThread: Thread started: Notification Dispatcher Testing via SNS 1-5 
2017/09/09 12:39:04 INFO  - jmeter.threads.JMeterThread: Thread started: Notification Dispatcher Testing via SNS 1-6 
2017/09/09 12:39:05 INFO  - jmeter.protocol.http.sampler.HTTPHCAbstractImpl: Local host = us166339 
2017/09/09 12:39:05 INFO  - jmeter.protocol.http.sampler.HTTPHC4Impl: HTTP request retry count = 0 
2017/09/09 12:39:05 INFO  - jmeter.protocol.http.sampler.HTTPHC4Impl: Setting up HTTPS TrustAll scheme 
2017/09/09 12:39:05 INFO  - jmeter.util.JsseSSLManager: Using default SSL protocol: TLS 
2017/09/09 12:39:05 INFO  - jmeter.util.JsseSSLManager: SSL session context: per-thread 
2017/09/09 12:39:05 INFO  - jmeter.samplers.SampleResult: Note: Sample TimeStamps are START times 
2017/09/09 12:39:05 INFO  - jmeter.samplers.SampleResult: sampleresult.default.encoding is set to ISO-8859-1 
2017/09/09 12:39:05 INFO  - jmeter.samplers.SampleResult: sampleresult.useNanoTime=true 
2017/09/09 12:39:05 INFO  - jmeter.samplers.SampleResult: sampleresult.nanoThreadSleep=5000 
2017/09/09 12:39:05 INFO  - jmeter.util.SSLManager: JmeterKeyStore Location:  type JKS 
2017/09/09 12:39:05 INFO  - jmeter.util.SSLManager: KeyStore created OK 
2017/09/09 12:39:05 WARN  - jmeter.util.SSLManager: Keystore file not found, loading empty keystore 
2017/09/09 12:39:05 WARN  - jmeter.protocol.http.control.HC3CookieHandler: Not storing invalid cookie: <RSP_CHECK_PORTAL_GET-STAGE.AOL.COM=deleted; expires=Thu Jan 01 00:17:51 1970 GMT; path=/; domain=aol.com> for URL https://get-stage.aol.com/aol-desktop-gold/aol-desktop-gold/ (Illegal domain attribute "aol.com". Domain of origin: "get-stage.aol.com/aol-desktop-gold") 
2017/09/09 12:39:05 WARN  - jmeter.protocol.http.control.HC3CookieHandler: Not storing invalid cookie: <RSP_CHECK_PORTAL_GET-STAGE.AOL.COM=deleted; expires=Thu Jan 01 00:17:51 1970 GMT; path=/; domain=aol.com> for URL https://get-stage.aol.com/aol-desktop-gold/aol-desktop-gold/ (Illegal domain attribute "aol.com". Domain of origin: "get-stage.aol.com/aol-desktop-gold") 
2017/09/09 12:39:05 WARN  - jmeter.protocol.http.control.HC3CookieHandler: Not storing invalid cookie: <RSP_CHECK_PORTAL_GET-STAGE.AOL.COM=deleted; expires=Thu Jan 01 00:17:51 1970 GMT; path=/; domain=get-stage.aol.com> for URL https://get-stage.aol.com/aol-desktop-gold/aol-desktop-gold/ (Illegal domain attribute "get-stage.aol.com". Domain of origin: "get-stage.aol.com/aol-desktop-gold") 
2017/09/09 12:39:05 WARN  - jmeter.protocol.http.control.HC3CookieHandler: Not storing invalid cookie: <RSP_CHECK_PORTAL_GET-STAGE.AOL.COM=deleted; expires=Thu Jan 01 00:17:51 1970 GMT; path=/; domain=aol.com> for URL https://get-stage.aol.com/aol-desktop-gold/aol-desktop-gold/ (Illegal domain attribute "aol.com". Domain of origin: "get-stage.aol.com/aol-desktop-gold") 
2017/09/09 12:39:05 WARN  - jmeter.protocol.http.control.HC3CookieHandler: Not storing invalid cookie: <RSP_CHECK_PORTAL_GET-STAGE.AOL.COM=deleted; expires=Thu Jan 01 00:17:51 1970 GMT; path=/; domain=aol.com> for URL https://get-stage.aol.com/aol-desktop-gold/aol-desktop-gold/ (Illegal domain attribute "aol.com". Domain of origin: "get-stage.aol.com/aol-desktop-gold") 
2017/09/09 12:39:05 WARN  - jmeter.protocol.http.control.HC3CookieHandler: Not storing invalid cookie: <RSP_CHECK_PORTAL_GET-STAGE.AOL.COM=deleted; expires=Thu Jan 01 00:17:51 1970 GMT; path=/; domain=get-stage.aol.com> for URL https://get-stage.aol.com/aol-desktop-gold/aol-desktop-gold/ (Illegal domain attribute "get-stage.aol.com". Domain of origin: "get-stage.aol.com/aol-desktop-gold") 
2017/09/09 12:39:05 WARN  - jmeter.protocol.http.control.HC3CookieHandler: Not storing invalid cookie: <RSP_CHECK_PORTAL_GET-STAGE.AOL.COM=deleted; expires=Thu Jan 01 00:17:51 1970 GMT; path=/; domain=get-stage.aol.com> for URL https://get-stage.aol.com/aol-desktop-gold/aol-desktop-gold/ (Illegal domain attribute "get-stage.aol.com". Domain of origin: "get-stage.aol.com/aol-desktop-gold") 
2017/09/09 12:39:05 WARN  - jmeter.protocol.http.control.HC3CookieHandler: Not storing invalid cookie: <RSP_CHECK_PORTAL_GET-STAGE.AOL.COM=deleted; expires=Thu Jan 01 00:17:51 1970 GMT; path=/; domain=get-stage.aol.com> for URL https://get-stage.aol.com/aol-desktop-gold/aol-desktop-gold/ (Illegal domain attribute "get-stage.aol.com". Domain of origin: "get-stage.aol.com/aol-desktop-gold") 
2017/09/09 12:39:05 WARN  - jmeter.protocol.http.control.HC3CookieHandler: Not storing invalid cookie: <RSP_CHECK_PORTAL_GET-STAGE.AOL.COM=deleted; expires=Thu Jan 01 00:17:51 1970 GMT; path=/; domain=aol.com> for URL https://get-stage.aol.com/aol-desktop-gold/aol-desktop-gold/ (Illegal domain attribute "aol.com". Domain of origin: "get-stage.aol.com/aol-desktop-gold") 
2017/09/09 12:39:05 WARN  - jmeter.protocol.http.control.HC3CookieHandler: Not storing invalid cookie: <RSP_CHECK_PORTAL_GET-STAGE.AOL.COM=deleted; expires=Thu Jan 01 00:17:51 1970 GMT; path=/; domain=aol.com> for URL https://get-stage.aol.com/aol-desktop-gold/aol-desktop-gold/ (Illegal domain attribute "aol.com". Domain of origin: "get-stage.aol.com/aol-desktop-gold") 
2017/09/09 12:39:05 WARN  - jmeter.protocol.http.control.HC3CookieHandler: Not storing invalid cookie: <RSP_CHECK_PORTAL_GET-STAGE.AOL.COM=deleted; expires=Thu Jan 01 00:17:51 1970 GMT; path=/; domain=get-stage.aol.com> for URL https://get-stage.aol.com/aol-desktop-gold/aol-desktop-gold/ (Illegal domain attribute "get-stage.aol.com". Domain of origin: "get-stage.aol.com/aol-desktop-gold") 
2017/09/09 12:39:05 WARN  - jmeter.protocol.http.control.HC3CookieHandler: Not storing invalid cookie: <RSP_CHECK_PORTAL_GET-STAGE.AOL.COM=deleted; expires=Thu Jan 01 00:17:51 1970 GMT; path=/; domain=get-stage.aol.com> for URL https://get-stage.aol.com/aol-desktop-gold/aol-desktop-gold/ (Illegal domain attribute "get-stage.aol.com". Domain of origin: "get-stage.aol.com/aol-desktop-gold") 
2017/09/09 12:39:05 INFO  - jmeter.threads.JMeterThread: Thread is done: Notification Dispatcher Testing via SNS 1-2 
2017/09/09 12:39:05 INFO  - jmeter.threads.JMeterThread: Thread finished: Notification Dispatcher Testing via SNS 1-2 
2017/09/09 12:39:05 INFO  - jmeter.threads.JMeterThread: Thread is done: Notification Dispatcher Testing via SNS 1-1 
2017/09/09 12:39:05 INFO  - jmeter.threads.JMeterThread: Thread finished: Notification Dispatcher Testing via SNS 1-1 
2017/09/09 12:39:05 INFO  - jmeter.reporters.Summariser: summary +      1 in   2.1s =    0.5/s Avg:   330 Min:   330 Max:   330 Err:     0 (0.00%) Active: 6 Started: 6 Finished: 0 
2017/09/09 12:39:05 INFO  - jmeter.threads.JMeterThread: Thread is done: Notification Dispatcher Testing via SNS 1-3 
2017/09/09 12:39:05 INFO  - jmeter.threads.JMeterThread: Thread finished: Notification Dispatcher Testing via SNS 1-3 
2017/09/09 12:39:05 WARN  - jmeter.protocol.http.control.HC3CookieHandler: Not storing invalid cookie: <RSP_CHECK_PORTAL_GET-STAGE.AOL.COM=deleted; expires=Thu Jan 01 00:17:51 1970 GMT; path=/; domain=aol.com> for URL https://get-stage.aol.com/aol-desktop-gold/aol-desktop-gold/ (Illegal domain attribute "aol.com". Domain of origin: "get-stage.aol.com/aol-desktop-gold") 
2017/09/09 12:39:05 WARN  - jmeter.protocol.http.control.HC3CookieHandler: Not storing invalid cookie: <RSP_CHECK_PORTAL_GET-STAGE.AOL.COM=deleted; expires=Thu Jan 01 00:17:51 1970 GMT; path=/; domain=get-stage.aol.com> for URL https://get-stage.aol.com/aol-desktop-gold/aol-desktop-gold/ (Illegal domain attribute "get-stage.aol.com". Domain of origin: "get-stage.aol.com/aol-desktop-gold") 
2017/09/09 12:39:05 WARN  - jmeter.protocol.http.control.HC3CookieHandler: Not storing invalid cookie: <RSP_CHECK_PORTAL_GET-STAGE.AOL.COM=deleted; expires=Thu Jan 01 00:17:51 1970 GMT; path=/; domain=aol.com> for URL https://get-stage.aol.com/aol-desktop-gold/aol-desktop-gold/ (Illegal domain attribute "aol.com". Domain of origin: "get-stage.aol.com/aol-desktop-gold") 
2017/09/09 12:39:05 WARN  - jmeter.protocol.http.control.HC3CookieHandler: Not storing invalid cookie: <RSP_CHECK_PORTAL_GET-STAGE.AOL.COM=deleted; expires=Thu Jan 01 00:17:51 1970 GMT; path=/; domain=get-stage.aol.com> for URL https://get-stage.aol.com/aol-desktop-gold/aol-desktop-gold/ (Illegal domain attribute "get-stage.aol.com". Domain of origin: "get-stage.aol.com/aol-desktop-gold") 
2017/09/09 12:39:05 INFO  - jmeter.threads.JMeterThread: Thread is done: Notification Dispatcher Testing via SNS 1-4 
2017/09/09 12:39:05 INFO  - jmeter.threads.JMeterThread: Thread finished: Notification Dispatcher Testing via SNS 1-4 
2017/09/09 12:39:05 WARN  - jmeter.protocol.http.control.HC3CookieHandler: Not storing invalid cookie: <RSP_CHECK_PORTAL_GET-STAGE.AOL.COM=deleted; expires=Thu Jan 01 00:17:51 1970 GMT; path=/; domain=aol.com> for URL https://get-stage.aol.com/aol-desktop-gold/aol-desktop-gold/ (Illegal domain attribute "aol.com". Domain of origin: "get-stage.aol.com/aol-desktop-gold") 
2017/09/09 12:39:05 WARN  - jmeter.protocol.http.control.HC3CookieHandler: Not storing invalid cookie: <RSP_CHECK_PORTAL_GET-STAGE.AOL.COM=deleted; expires=Thu Jan 01 00:17:51 1970 GMT; path=/; domain=get-stage.aol.com> for URL https://get-stage.aol.com/aol-desktop-gold/aol-desktop-gold/ (Illegal domain attribute "get-stage.aol.com". Domain of origin: "get-stage.aol.com/aol-desktop-gold") 
2017/09/09 12:39:05 WARN  - jmeter.protocol.http.control.HC3CookieHandler: Not storing invalid cookie: <RSP_CHECK_PORTAL_GET-STAGE.AOL.COM=deleted; expires=Thu Jan 01 00:17:51 1970 GMT; path=/; domain=aol.com> for URL https://get-stage.aol.com/aol-desktop-gold/aol-desktop-gold/ (Illegal domain attribute "aol.com". Domain of origin: "get-stage.aol.com/aol-desktop-gold") 
2017/09/09 12:39:05 WARN  - jmeter.protocol.http.control.HC3CookieHandler: Not storing invalid cookie: <RSP_CHECK_PORTAL_GET-STAGE.AOL.COM=deleted; expires=Thu Jan 01 00:17:51 1970 GMT; path=/; domain=get-stage.aol.com> for URL https://get-stage.aol.com/aol-desktop-gold/aol-desktop-gold/ (Illegal domain attribute "get-stage.aol.com". Domain of origin: "get-stage.aol.com/aol-desktop-gold") 
2017/09/09 12:39:05 INFO  - jmeter.threads.JMeterThread: Thread is done: Notification Dispatcher Testing via SNS 1-5 
2017/09/09 12:39:05 INFO  - jmeter.threads.JMeterThread: Thread finished: Notification Dispatcher Testing via SNS 1-5 
2017/09/09 12:39:06 WARN  - jmeter.protocol.http.control.HC3CookieHandler: Not storing invalid cookie: <RSP_CHECK_PORTAL_GET-STAGE.AOL.COM=deleted; expires=Thu Jan 01 00:17:51 1970 GMT; path=/; domain=aol.com> for URL https://get-stage.aol.com/aol-desktop-gold/aol-desktop-gold/ (Illegal domain attribute "aol.com". Domain of origin: "get-stage.aol.com/aol-desktop-gold") 
2017/09/09 12:39:06 WARN  - jmeter.protocol.http.control.HC3CookieHandler: Not storing invalid cookie: <RSP_CHECK_PORTAL_GET-STAGE.AOL.COM=deleted; expires=Thu Jan 01 00:17:51 1970 GMT; path=/; domain=get-stage.aol.com> for URL https://get-stage.aol.com/aol-desktop-gold/aol-desktop-gold/ (Illegal domain attribute "get-stage.aol.com". Domain of origin: "get-stage.aol.com/aol-desktop-gold") 
2017/09/09 12:39:06 WARN  - jmeter.protocol.http.control.HC3CookieHandler: Not storing invalid cookie: <RSP_CHECK_PORTAL_GET-STAGE.AOL.COM=deleted; expires=Thu Jan 01 00:17:51 1970 GMT; path=/; domain=aol.com> for URL https://get-stage.aol.com/aol-desktop-gold/aol-desktop-gold/ (Illegal domain attribute "aol.com". Domain of origin: "get-stage.aol.com/aol-desktop-gold") 
2017/09/09 12:39:06 WARN  - jmeter.protocol.http.control.HC3CookieHandler: Not storing invalid cookie: <RSP_CHECK_PORTAL_GET-STAGE.AOL.COM=deleted; expires=Thu Jan 01 00:17:51 1970 GMT; path=/; domain=get-stage.aol.com> for URL https://get-stage.aol.com/aol-desktop-gold/aol-desktop-gold/ (Illegal domain attribute "get-stage.aol.com". Domain of origin: "get-stage.aol.com/aol-desktop-gold") 
2017/09/09 12:39:06 INFO  - jmeter.threads.JMeterThread: Thread is done: Notification Dispatcher Testing via SNS 1-6 
2017/09/09 12:39:06 INFO  - jmeter.threads.JMeterThread: Thread finished: Notification Dispatcher Testing via SNS 1-6 
2017/09/09 12:39:06 INFO  - jmeter.engine.StandardJMeterEngine: Notifying test listeners of end of test 
2017/09/09 12:39:06 INFO  - jmeter.services.FileServer: Close: userAgentStringsMac.txt 
2017/09/09 12:39:06 INFO  - jmeter.reporters.Summariser: summary +      5 in   0.3s =   16.1/s Avg:   261 Min:   151 Max:   397 Err:     0 (0.00%) Active: 0 Started: 6 Finished: 6 
2017/09/09 12:39:06 INFO  - jmeter.reporters.Summariser: summary =      6 in   2.4s =    2.5/s Avg:   273 Min:   151 Max:   397 Err:     0 (0.00%) 
